<?xml version="1.0" encoding="UTF-8"?>
<testsuite xmlns:xsi="http://www.w3.org/2001/XMLSchema-instance" xsi:noNamespaceSchemaLocation="https://maven.apache.org/surefire/maven-surefire-plugin/xsd/surefire-test-report.xsd" name="TestSuite" time="5.378" tests="2" errors="0" skipped="0" failures="0">
  <properties>
    <property name="sun.desktop" value="windows"/>
    <property name="awt.toolkit" value="sun.awt.windows.WToolkit"/>
    <property name="file.encoding.pkg" value="sun.io"/>
    <property name="java.specification.version" value="1.8"/>
    <property name="sun.cpu.isalist" value="amd64"/>
    <property name="sun.jnu.encoding" value="GBK"/>
    <property name="java.class.path" value="E:\workspace1\autom_discuz\target\test-classes;E:\workspace1\autom_discuz\target\classes;E:\Repository\org\seleniumhq\selenium\selenium-java\3.14.0\selenium-java-3.14.0.jar;E:\Repository\org\seleniumhq\selenium\selenium-chrome-driver\3.14.0\selenium-chrome-driver-3.14.0.jar;E:\Repository\org\seleniumhq\selenium\selenium-edge-driver\3.14.0\selenium-edge-driver-3.14.0.jar;E:\Repository\org\seleniumhq\selenium\selenium-firefox-driver\3.14.0\selenium-firefox-driver-3.14.0.jar;E:\Repository\org\seleniumhq\selenium\selenium-ie-driver\3.14.0\selenium-ie-driver-3.14.0.jar;E:\Repository\org\seleniumhq\selenium\selenium-opera-driver\3.14.0\selenium-opera-driver-3.14.0.jar;E:\Repository\org\seleniumhq\selenium\selenium-remote-driver\3.14.0\selenium-remote-driver-3.14.0.jar;E:\Repository\org\seleniumhq\selenium\selenium-safari-driver\3.14.0\selenium-safari-driver-3.14.0.jar;E:\Repository\org\seleniumhq\selenium\selenium-support\3.14.0\selenium-support-3.14.0.jar;E:\Repository\net\bytebuddy\byte-buddy\1.8.15\byte-buddy-1.8.15.jar;E:\Repository\org\apache\commons\commons-exec\1.3\commons-exec-1.3.jar;E:\Repository\commons-codec\commons-codec\1.10\commons-codec-1.10.jar;E:\Repository\commons-logging\commons-logging\1.2\commons-logging-1.2.jar;E:\Repository\com\google\guava\guava\25.0-jre\guava-25.0-jre.jar;E:\Repository\com\google\code\findbugs\jsr305\1.3.9\jsr305-1.3.9.jar;E:\Repository\org\checkerframework\checker-compat-qual\2.0.0\checker-compat-qual-2.0.0.jar;E:\Repository\com\google\errorprone\error_prone_annotations\2.1.3\error_prone_annotations-2.1.3.jar;E:\Repository\com\google\j2objc\j2objc-annotations\1.1\j2objc-annotations-1.1.jar;E:\Repository\org\codehaus\mojo\animal-sniffer-annotations\1.14\animal-sniffer-annotations-1.14.jar;E:\Repository\org\apache\httpcomponents\httpclient\4.5.5\httpclient-4.5.5.jar;E:\Repository\org\apache\httpcomponents\httpcore\4.4.9\httpcore-4.4.9.jar;E:\Repository\com\squareup\okhttp3\okhttp\3.10.0\okhttp-3.10.0.jar;E:\Repository\com\squareup\okio\okio\1.14.1\okio-1.14.1.jar;E:\Repository\org\seleniumhq\selenium\selenium-api\3.14.0\selenium-api-3.14.0.jar;E:\Repository\org\testng\testng\6.14.3\testng-6.14.3.jar;E:\Repository\com\beust\jcommander\1.72\jcommander-1.72.jar;E:\Repository\org\apache-extras\beanshell\bsh\2.0b6\bsh-2.0b6.jar;E:\Repository\org\apache\poi\poi\3.17\poi-3.17.jar;E:\Repository\org\apache\commons\commons-collections4\4.1\commons-collections4-4.1.jar;E:\Repository\org\apache\poi\poi-ooxml\3.17\poi-ooxml-3.17.jar;E:\Repository\org\apache\poi\poi-ooxml-schemas\3.17\poi-ooxml-schemas-3.17.jar;E:\Repository\org\apache\xmlbeans\xmlbeans\2.6.0\xmlbeans-2.6.0.jar;E:\Repository\stax\stax-api\1.0.1\stax-api-1.0.1.jar;E:\Repository\com\github\virtuald\curvesapi\1.04\curvesapi-1.04.jar;E:\Repository\org\apache\logging\log4j\log4j-api\2.11.1\log4j-api-2.11.1.jar;E:\Repository\org\apache\logging\log4j\log4j-core\2.11.1\log4j-core-2.11.1.jar;E:\Repository\mysql\mysql-connector-java\8.0.12\mysql-connector-java-8.0.12.jar;E:\Repository\com\google\protobuf\protobuf-java\2.6.0\protobuf-java-2.6.0.jar;E:\Repository\org\apache\maven\surefire\surefire-testng-utils\2.22.0\surefire-testng-utils-2.22.0.jar;E:\Repository\org\apache\maven\surefire\surefire-grouper\2.22.0\surefire-grouper-2.22.0.jar;"/>
    <property name="java.vm.vendor" value="Oracle Corporation"/>
    <property name="sun.arch.data.model" value="64"/>
    <property name="user.variant" value=""/>
    <property name="java.vendor.url" value="http://java.oracle.com/"/>
    <property name="user.timezone" value="GMT+08:00"/>
    <property name="java.vm.specification.version" value="1.8"/>
    <property name="os.name" value="Windows 7"/>
    <property name="user.country" value="CN"/>
    <property name="sun.java.launcher" value="SUN_STANDARD"/>
    <property name="sun.boot.library.path" value="E:\Java\jre1.8.0_31\bin"/>
    <property name="sun.java.command" value="C:\Users\ADMINI~1\AppData\Local\Temp\surefire182835630686005879\surefirebooter3204205893554665943.jar C:\Users\Administrator\AppData\Local\Temp\surefire182835630686005879 2018-09-01T21-07-51_340-jvmRun1 surefire1765605499671680407tmp surefire_05661768125887483625tmp"/>
    <property name="surefire.test.class.path" value="E:\workspace1\autom_discuz\target\test-classes;E:\workspace1\autom_discuz\target\classes;E:\Repository\org\seleniumhq\selenium\selenium-java\3.14.0\selenium-java-3.14.0.jar;E:\Repository\org\seleniumhq\selenium\selenium-chrome-driver\3.14.0\selenium-chrome-driver-3.14.0.jar;E:\Repository\org\seleniumhq\selenium\selenium-edge-driver\3.14.0\selenium-edge-driver-3.14.0.jar;E:\Repository\org\seleniumhq\selenium\selenium-firefox-driver\3.14.0\selenium-firefox-driver-3.14.0.jar;E:\Repository\org\seleniumhq\selenium\selenium-ie-driver\3.14.0\selenium-ie-driver-3.14.0.jar;E:\Repository\org\seleniumhq\selenium\selenium-opera-driver\3.14.0\selenium-opera-driver-3.14.0.jar;E:\Repository\org\seleniumhq\selenium\selenium-remote-driver\3.14.0\selenium-remote-driver-3.14.0.jar;E:\Repository\org\seleniumhq\selenium\selenium-safari-driver\3.14.0\selenium-safari-driver-3.14.0.jar;E:\Repository\org\seleniumhq\selenium\selenium-support\3.14.0\selenium-support-3.14.0.jar;E:\Repository\net\bytebuddy\byte-buddy\1.8.15\byte-buddy-1.8.15.jar;E:\Repository\org\apache\commons\commons-exec\1.3\commons-exec-1.3.jar;E:\Repository\commons-codec\commons-codec\1.10\commons-codec-1.10.jar;E:\Repository\commons-logging\commons-logging\1.2\commons-logging-1.2.jar;E:\Repository\com\google\guava\guava\25.0-jre\guava-25.0-jre.jar;E:\Repository\com\google\code\findbugs\jsr305\1.3.9\jsr305-1.3.9.jar;E:\Repository\org\checkerframework\checker-compat-qual\2.0.0\checker-compat-qual-2.0.0.jar;E:\Repository\com\google\errorprone\error_prone_annotations\2.1.3\error_prone_annotations-2.1.3.jar;E:\Repository\com\google\j2objc\j2objc-annotations\1.1\j2objc-annotations-1.1.jar;E:\Repository\org\codehaus\mojo\animal-sniffer-annotations\1.14\animal-sniffer-annotations-1.14.jar;E:\Repository\org\apache\httpcomponents\httpclient\4.5.5\httpclient-4.5.5.jar;E:\Repository\org\apache\httpcomponents\httpcore\4.4.9\httpcore-4.4.9.jar;E:\Repository\com\squareup\okhttp3\okhttp\3.10.0\okhttp-3.10.0.jar;E:\Repository\com\squareup\okio\okio\1.14.1\okio-1.14.1.jar;E:\Repository\org\seleniumhq\selenium\selenium-api\3.14.0\selenium-api-3.14.0.jar;E:\Repository\org\testng\testng\6.14.3\testng-6.14.3.jar;E:\Repository\com\beust\jcommander\1.72\jcommander-1.72.jar;E:\Repository\org\apache-extras\beanshell\bsh\2.0b6\bsh-2.0b6.jar;E:\Repository\org\apache\poi\poi\3.17\poi-3.17.jar;E:\Repository\org\apache\commons\commons-collections4\4.1\commons-collections4-4.1.jar;E:\Repository\org\apache\poi\poi-ooxml\3.17\poi-ooxml-3.17.jar;E:\Repository\org\apache\poi\poi-ooxml-schemas\3.17\poi-ooxml-schemas-3.17.jar;E:\Repository\org\apache\xmlbeans\xmlbeans\2.6.0\xmlbeans-2.6.0.jar;E:\Repository\stax\stax-api\1.0.1\stax-api-1.0.1.jar;E:\Repository\com\github\virtuald\curvesapi\1.04\curvesapi-1.04.jar;E:\Repository\org\apache\logging\log4j\log4j-api\2.11.1\log4j-api-2.11.1.jar;E:\Repository\org\apache\logging\log4j\log4j-core\2.11.1\log4j-core-2.11.1.jar;E:\Repository\mysql\mysql-connector-java\8.0.12\mysql-connector-java-8.0.12.jar;E:\Repository\com\google\protobuf\protobuf-java\2.6.0\protobuf-java-2.6.0.jar;E:\Repository\org\apache\maven\surefire\surefire-testng-utils\2.22.0\surefire-testng-utils-2.22.0.jar;E:\Repository\org\apache\maven\surefire\surefire-grouper\2.22.0\surefire-grouper-2.22.0.jar;"/>
    <property name="sun.cpu.endian" value="little"/>
    <property name="user.home" value="C:\Users\Administrator"/>
    <property name="user.language" value="zh"/>
    <property name="java.specification.vendor" value="Oracle Corporation"/>
    <property name="java.home" value="E:\Java\jre1.8.0_31"/>
    <property name="basedir" value="E:\workspace1\autom_discuz"/>
    <property name="file.separator" value="\"/>
    <property name="line.separator" value="&#10;"/>
    <property name="java.vm.specification.vendor" value="Oracle Corporation"/>
    <property name="java.specification.name" value="Java Platform API Specification"/>
    <property name="java.awt.graphicsenv" value="sun.awt.Win32GraphicsEnvironment"/>
    <property name="surefire.real.class.path" value="C:\Users\ADMINI~1\AppData\Local\Temp\surefire182835630686005879\surefirebooter3204205893554665943.jar"/>
    <property name="sun.boot.class.path" value="E:\Java\jre1.8.0_31\lib\resources.jar;E:\Java\jre1.8.0_31\lib\rt.jar;E:\Java\jre1.8.0_31\lib\sunrsasign.jar;E:\Java\jre1.8.0_31\lib\jsse.jar;E:\Java\jre1.8.0_31\lib\jce.jar;E:\Java\jre1.8.0_31\lib\charsets.jar;E:\Java\jre1.8.0_31\lib\jfr.jar;E:\Java\jre1.8.0_31\classes"/>
    <property name="user.script" value=""/>
    <property name="sun.management.compiler" value="HotSpot 64-Bit Tiered Compilers"/>
    <property name="java.runtime.version" value="1.8.0_31-b13"/>
    <property name="user.name" value="Administrator"/>
    <property name="path.separator" value=";"/>
    <property name="os.version" value="6.1"/>
    <property name="java.endorsed.dirs" value="E:\Java\jre1.8.0_31\lib\endorsed"/>
    <property name="java.runtime.name" value="Java(TM) SE Runtime Environment"/>
    <property name="file.encoding" value="utf-8"/>
    <property name="java.vm.name" value="Java HotSpot(TM) 64-Bit Server VM"/>
    <property name="localRepository" value="E:\Repository"/>
    <property name="java.vendor.url.bug" value="http://bugreport.sun.com/bugreport/"/>
    <property name="java.io.tmpdir" value="C:\Users\ADMINI~1\AppData\Local\Temp\"/>
    <property name="java.version" value="1.8.0_31"/>
    <property name="user.dir" value="E:\workspace1\autom_discuz"/>
    <property name="os.arch" value="amd64"/>
    <property name="java.vm.specification.name" value="Java Virtual Machine Specification"/>
    <property name="java.awt.printerjob" value="sun.awt.windows.WPrinterJob"/>
    <property name="sun.os.patch.level" value="Service Pack 1"/>
    <property name="java.library.path" value="E:\Java\jre1.8.0_31\bin;C:\Windows\Sun\Java\bin;C:\Windows\system32;C:\Windows;E:/Java/jre1.8.0_31/bin/server;E:/Java/jre1.8.0_31/bin;E:/Java/jre1.8.0_31/lib/amd64;C:\ProgramData\Oracle\Java\javapath;C:\Program Files (x86)\Common Files\NetSarang;C:\oracle\ora90\bin;C:\Windows\system32;C:\Windows;C:\Windows\System32\Wbem;C:\Windows\System32\WindowsPowerShell\v1.0\;E:\Program Files (x86)\SVN\bin;C:\strawberry\c\bin;C:\strawberry\perl\bin;E:\Java\jdk1.8.0_31\bin;E:\Java\jdk1.8.0_31\jre\bin;E:\apache-jmeter-3.1\bin;E:\maven\apache-maven-3.5.0\bin;E:\apache-maven-3.5.3\bin;E:\python3.6.5;E:\python3.6.5\Scripts;C:\Program Files\Tesseract-OCR;C:\Users\Administrator\AppData\Local\GitHubDesktop\bin;C:\test\jdk\eclipse;;."/>
    <property name="java.vm.info" value="mixed mode"/>
    <property name="java.vendor" value="Oracle Corporation"/>
    <property name="java.vm.version" value="25.31-b07"/>
    <property name="java.ext.dirs" value="E:\Java\jre1.8.0_31\lib\ext;C:\Windows\Sun\Java\lib\ext"/>
    <property name="sun.io.unicode.encoding" value="UnicodeLittle"/>
    <property name="java.class.version" value="52.0"/>
  </properties>
  <testcase name="loginTest1" classname="com.dic.upload.test.LoginTest" time="0.889"/>
  <testcase name="loginTest1" classname="com.dic.upload.test.LoginTest" time="0.83"/>
</testsuite>