<?xml version="1.0" encoding="UTF-8"?>
<!-- Generated by org.testng.reporters.JUnitReportReporter -->
<testsuite skipped="0" hostname="MS-20160925SEYF" name="com.river.demo.TestGroups" tests="2" failures="0" timestamp="26 八月 2018 00:50:54 GMT" time="0.007" errors="0">
  <testcase name="test1" time="0.007" classname="com.river.demo.TestGroups"/>
  <testcase name="test2" time="0.000" classname="com.river.demo.TestGroups"/>
</testsuite> <!-- com.river.demo.TestGroups -->
