<?xml version="1.0" encoding="UTF-8"?>
<!-- Generated by org.testng.reporters.JUnitReportReporter -->
<testsuite skipped="0" hostname="MS-20160925SEYF" name="com.river.demo.TestNGDemo2" tests="4" failures="0" timestamp="23 八月 2018 22:47:24 GMT" time="0.003" errors="0">
  <testcase name="test2" time="0.000" classname="com.river.demo.TestNGDemo2"/>
  <testcase name="test1" time="0.002" classname="com.river.demo.TestNGDemo2"/>
  <testcase name="test1" time="0.000" classname="com.river.demo.TestNGDemo2"/>
  <testcase name="test2" time="0.001" classname="com.river.demo.TestNGDemo2"/>
</testsuite> <!-- com.river.demo.TestNGDemo2 -->
