<?xml version="1.0" encoding="UTF-8"?>
<!-- Generated by org.testng.reporters.JUnitReportReporter -->
<testsuite skipped="0" hostname="MS-20160925SEYF" name="com.dic.autom.CalcTest" tests="3" failures="0" timestamp="26 八月 2018 00:54:21 GMT" time="0.001" errors="0">
  <testcase name="testCompute1" time="0.000" classname="com.dic.autom.CalcTest"/>
  <testcase name="testCompute1" time="0.000" classname="com.dic.autom.CalcTest"/>
  <testcase name="testCompute1" time="0.001" classname="com.dic.autom.CalcTest"/>
</testsuite> <!-- com.dic.autom.CalcTest -->
