<?xml version="1.0" encoding="UTF-8"?>
<!-- Generated by org.testng.reporters.JUnitReportReporter -->
<testsuite skipped="0" hostname="MS-20160925SEYF" name="com.dic.upload.test.LoginTest2" tests="2" failures="0" timestamp="29 八月 2018 22:27:49 GMT" time="6.619" errors="0">
  <testcase name="loginTest1" time="1.709" classname="com.dic.upload.test.LoginTest2"/>
  <testcase name="loginTest1" time="4.910" classname="com.dic.upload.test.LoginTest2"/>
</testsuite> <!-- com.dic.upload.test.LoginTest2 -->
