<?xml version="1.0" encoding="UTF-8"?>
<!-- Generated by org.testng.reporters.JUnitReportReporter -->
<testsuite skipped="0" hostname="MS-20160925SEYF" name="com.dic.upload.test.LoginTest" tests="2" failures="0" timestamp="01 九月 2018 13:07:57 GMT" time="4.476" errors="0">
  <testcase name="loginTest1" time="1.527" classname="com.dic.upload.test.LoginTest"/>
  <testcase name="loginTest1" time="2.949" classname="com.dic.upload.test.LoginTest"/>
</testsuite> <!-- com.dic.upload.test.LoginTest -->
