<?xml version="1.0" encoding="UTF-8"?>
<!-- Generated by org.testng.reporters.JUnitReportReporter -->
<testsuite skipped="0" hostname="MS-20160925SEYF" name="com.dic.demo.LogTest" tests="5" failures="0" timestamp="28 八月 2018 13:22:19 GMT" time="0.012" errors="0">
  <testcase name="logTest2" time="0.001" classname="com.dic.demo.LogTest"/>
  <testcase name="logTest5" time="0.000" classname="com.dic.demo.LogTest"/>
  <testcase name="logTest1" time="0.011" classname="com.dic.demo.LogTest"/>
  <testcase name="logTest4" time="0.000" classname="com.dic.demo.LogTest"/>
  <testcase name="logTest3" time="0.000" classname="com.dic.demo.LogTest"/>
</testsuite> <!-- com.dic.demo.LogTest -->
