<?xml version="1.0" encoding="UTF-8"?>
<!-- Generated by org.testng.reporters.JUnitReportReporter -->
<testsuite skipped="0" hostname="MS-20160925SEYF" name="com.dic.autom.Parametertest" tests="1" failures="0" timestamp="26 八月 2018 00:54:21 GMT" time="0.006" errors="0">
  <testcase name="test1" time="0.006" classname="com.dic.autom.Parametertest"/>
</testsuite> <!-- com.dic.autom.Parametertest -->
